#
# There is insufficient memory for the Java Runtime Environment to continue.
# Native memory allocation (malloc) failed to allocate 1048576 bytes for AllocateHeap
# Possible reasons:
#   The system is out of physical RAM or swap space
#   In 32 bit mode, the process size limit was hit
# Possible solutions:
#   Reduce memory load on the system
#   Increase physical memory or swap space
#   Check if swap backing store is full
#   Use 64 bit Java on a 64 bit OS
#   Decrease Java heap size (-Xmx/-Xms)
#   Decrease number of Java threads
#   Decrease Java thread stack sizes (-Xss)
#   Set larger code cache with -XX:ReservedCodeCacheSize=
# This output file may be truncated or incomplete.
#
#  Out of Memory Error (memory/allocation.inline.hpp:61), pid=16112, tid=16360
#
# JRE version:  (8.0_40-b26) (build )
# Java VM: Java HotSpot(TM) 64-Bit Server VM (25.40-b25 mixed mode windows-amd64 compressed oops)
# Failed to write core dump. Minidumps are not enabled by default on client versions of Windows
#

---------------  T H R E A D  ---------------

Current thread (0x000000000273d800):  JavaThread "Unknown thread" [_thread_in_vm, id=16360, stack(0x00000000025b0000,0x00000000026b0000)]

Stack: [0x00000000025b0000,0x00000000026b0000]
Native frames: (J=compiled Java code, j=interpreted, Vv=VM code, C=native code)
V  [jvm.dll+0x32b47a]
V  [jvm.dll+0x2797f3]
V  [jvm.dll+0x27a489]
V  [jvm.dll+0x2717a5]
V  [jvm.dll+0x1606]
V  [jvm.dll+0x3c0a62]
V  [jvm.dll+0x3ee9c2]
V  [jvm.dll+0x3eeecc]
V  [jvm.dll+0x3ea707]
V  [jvm.dll+0xf2c12]
V  [jvm.dll+0x20f139]
V  [jvm.dll+0x240d9a]
V  [jvm.dll+0x15b941]
C  [javaw.exe+0x217e]
C  [javaw.exe+0xcd17]
C  [javaw.exe+0xcdab]
C  [KERNEL32.DLL+0x13d2]
C  [ntdll.dll+0x6e954]


---------------  P R O C E S S  ---------------

Java Threads: ( => current thread )

Other Threads:

=>0x000000000273d800 (exited) JavaThread "Unknown thread" [_thread_in_vm, id=16360, stack(0x00000000025b0000,0x00000000026b0000)]

VM state:not at safepoint (normal execution)

VM Mutex/Monitor currently owned by a thread: None

Heap:
 PSYoungGen      total 17408K, used 307K [0x00000000ecc00000, 0x00000000edf00000, 0x0000000100000000)
  eden space 15360K, 2% used [0x00000000ecc00000,0x00000000ecc4ccd8,0x00000000edb00000)
  from space 2048K, 0% used [0x00000000edd00000,0x00000000edd00000,0x00000000edf00000)
  to   space 2048K, 0% used [0x00000000edb00000,0x00000000edb00000,0x00000000edd00000)
 ParOldGen       total 39936K, used 0K [0x00000000c6400000, 0x00000000c8b00000, 0x00000000ecc00000)
  object space 39936K, 0% used [0x00000000c6400000,0x00000000c6400000,0x00000000c8b00000)
 Metaspace       used 766K, capacity 4480K, committed 4480K, reserved 1056768K
  class space    used 75K, capacity 384K, committed 384K, reserved 1048576K

Card table byte_map: [0x0000000002c00000,0x0000000002dd0000] byte_map_base: 0x00000000025ce000

Marking Bits: (ParMarkBitMap*) 0x0000000067bf4040
 Begin Bits: [0x0000000003710000, 0x0000000004580000)
 End Bits:   [0x0000000004580000, 0x00000000053f0000)

Polling page: 0x0000000002550000

CodeCache: size=245760Kb used=328Kb max_used=328Kb free=245431Kb
 bounds [0x000000000f010000, 0x000000000f280000, 0x000000001e010000]
 total_blobs=57 nmethods=0 adapters=37
 compilation: enabled

Compilation events (0 events):
No events

GC Heap History (0 events):
No events

Deoptimization events (0 events):
No events

Internal exceptions (0 events):
No events

Events (10 events):
Event: 0.104 loading class java/lang/Short
Event: 0.104 loading class java/lang/Short done
Event: 0.104 loading class java/lang/Integer
Event: 0.104 loading class java/lang/Integer done
Event: 0.104 loading class java/lang/Long
Event: 0.104 loading class java/lang/Long done
Event: 0.105 loading class java/lang/NullPointerException
Event: 0.105 loading class java/lang/NullPointerException done
Event: 0.105 loading class java/lang/ArithmeticException
Event: 0.105 loading class java/lang/ArithmeticException done


Dynamic libraries:
0x00007ff6811c0000 - 0x00007ff6811f7000 	C:\Program Files\Java\jdk1.8.0_40\bin\javaw.exe
0x00007ff8cc3a0000 - 0x00007ff8cc54c000 	C:\Windows\SYSTEM32\ntdll.dll
0x00007ff8ca330000 - 0x00007ff8ca46e000 	C:\Windows\system32\KERNEL32.DLL
0x00007ff8c9800000 - 0x00007ff8c9915000 	C:\Windows\system32\KERNELBASE.dll
0x00007ff8c8040000 - 0x00007ff8c80ce000 	C:\Windows\system32\apphelp.dll
0x00007ff8b4a90000 - 0x00007ff8b4ae3000 	C:\Windows\AppPatch\AppPatch64\AcGenral.DLL
0x00007ff8ca280000 - 0x00007ff8ca32a000 	C:\Windows\system32\msvcrt.dll
0x00007ff8c9340000 - 0x00007ff8c936e000 	C:\Windows\SYSTEM32\SspiCli.dll
0x00007ff8cbdf0000 - 0x00007ff8cbe44000 	C:\Windows\system32\SHLWAPI.dll
0x00007ff8c9ce0000 - 0x00007ff8c9e57000 	C:\Windows\system32\USER32.dll
0x00007ff8ca0d0000 - 0x00007ff8ca264000 	C:\Windows\system32\ole32.dll
0x00007ff8ca480000 - 0x00007ff8cb998000 	C:\Windows\system32\SHELL32.dll
0x00007ff8c8ac0000 - 0x00007ff8c8ae1000 	C:\Windows\SYSTEM32\USERENV.dll
0x00007ff8cb9a0000 - 0x00007ff8cba4a000 	C:\Windows\system32\ADVAPI32.dll
0x00007ff8bb7b0000 - 0x00007ff8bb7ce000 	C:\Windows\SYSTEM32\MPR.dll
0x00007ff8cc230000 - 0x00007ff8cc371000 	C:\Windows\system32\RPCRT4.dll
0x00007ff8cbf20000 - 0x00007ff8cbf79000 	C:\Windows\SYSTEM32\sechost.dll
0x00007ff8cbb70000 - 0x00007ff8cbd81000 	C:\Windows\SYSTEM32\combase.dll
0x00007ff8c9a20000 - 0x00007ff8c9b71000 	C:\Windows\system32\GDI32.dll
0x00007ff8c94f0000 - 0x00007ff8c9505000 	C:\Windows\SYSTEM32\profapi.dll
0x00007ff8c7c80000 - 0x00007ff8c7d32000 	C:\Windows\SYSTEM32\SHCORE.dll
0x00007ff8c9e60000 - 0x00007ff8c9e96000 	C:\Windows\system32\IMM32.DLL
0x00007ff8c9b80000 - 0x00007ff8c9cd2000 	C:\Windows\system32\MSCTF.dll
0x0000000068f90000 - 0x0000000068fc8000 	C:\PROGRA~2\Sophos\SOPHOS~1\SOPHOS~2.DLL
0x00007ff8c9ea0000 - 0x00007ff8c9ea7000 	C:\Windows\system32\PSAPI.DLL
0x00007ff8c9400000 - 0x00007ff8c9432000 	C:\Windows\system32\nvinitx.dll
0x00007ff8c93f0000 - 0x00007ff8c93fa000 	C:\Windows\SYSTEM32\VERSION.dll
0x000000000f000000 - 0x000000000f006000 	C:\Program Files\NVIDIA Corporation\CoProcManager\_etoured.dll
0x00007ff8c73b0000 - 0x00007ff8c73e2000 	C:\Program Files\NVIDIA Corporation\CoProcManager\nvd3d9wrapx.dll
0x00007ff8cbf80000 - 0x00007ff8cc15a000 	C:\Windows\system32\SETUPAPI.dll
0x00007ff8c9920000 - 0x00007ff8c996f000 	C:\Windows\system32\CFGMGR32.dll
0x00007ff8c7350000 - 0x00007ff8c7372000 	C:\Program Files\NVIDIA Corporation\CoProcManager\nvdxgiwrapx.dll
0x00007ff8c7550000 - 0x00007ff8c77cb000 	C:\Windows\WinSxS\amd64_microsoft.windows.common-controls_6595b64144ccf1df_6.0.9600.17415_none_6240486fecbd8abb\COMCTL32.dll
0x0000000068b70000 - 0x0000000068c42000 	C:\Program Files\Java\jdk1.8.0_40\jre\bin\msvcr100.dll
0x00000000673f0000 - 0x0000000067c73000 	C:\Program Files\Java\jdk1.8.0_40\jre\bin\server\jvm.dll
0x00007ff8c0240000 - 0x00007ff8c0249000 	C:\Windows\SYSTEM32\WSOCK32.dll
0x00007ff8c6390000 - 0x00007ff8c63b2000 	C:\Windows\SYSTEM32\WINMM.dll
0x00007ff8cbd90000 - 0x00007ff8cbdea000 	C:\Windows\system32\WS2_32.dll
0x00007ff8c61c0000 - 0x00007ff8c61ea000 	C:\Windows\SYSTEM32\WINMMBASE.dll
0x00007ff8ca470000 - 0x00007ff8ca479000 	C:\Windows\system32\NSI.dll
0x00007ff8c82c0000 - 0x00007ff8c82e8000 	C:\Windows\SYSTEM32\DEVOBJ.dll
0x0000000068b60000 - 0x0000000068b6f000 	C:\Program Files\Java\jdk1.8.0_40\jre\bin\verify.dll
0x0000000068b30000 - 0x0000000068b59000 	C:\Program Files\Java\jdk1.8.0_40\jre\bin\java.dll
0x0000000068b10000 - 0x0000000068b26000 	C:\Program Files\Java\jdk1.8.0_40\jre\bin\zip.dll
0x00007ff8bca70000 - 0x00007ff8bcbfa000 	C:\Windows\SYSTEM32\dbghelp.dll

VM Arguments:
jvm_args: -Dfile.encoding=Cp1252 
java_command: gui.Main
java_class_path (initial): C:\Users\barretts\github\saywhat\SayWhat\SayWhat\bin;C:\Users\barretts\github\saywhat\SayWhat\SayWhat\lib\mysql-connector-java-5.1.35-bin.jar;C:\Users\barretts\github\saywhat\SayWhat\SayWhat\lib\TarsosDSP-2.2-bin.jar;C:\Users\barretts\github\saywhat\SayWhat\SayWhat\lib\TarsosDSP-2.2.jar;C:\Users\barretts\github\saywhat\SayWhat\SayWhat\forms-1.3.0.jar;C:\Users\barretts\github\saywhat\SayWhat\SayWhat\lib;C:\Users\barretts\github\saywhat\SayWhat\SayWhat\lib\LiveGraph.2.0.beta01.Complete.jar;C:\Users\barretts\github\saywhat\SayWhat\SayWhat\lib\SoftNetConsultUtils.2.02.slim.jar
Launcher Type: SUN_STANDARD

Environment Variables:
JAVA_HOME=C:\Program Files\Java\jdk1.8.0_40
CLASSPATH=C:\jfreechart-1.0.19\lib;C:\jfreechart-1.0.19\jfreechart-1.0.19-demo.jar;
PATH=C:\Python34\;C:\Python34\Scripts;C:\Program Files (x86)\NVIDIA Corporation\PhysX\Common;C:\Windows\system32;C:\Windows;C:\Windows\System32\Wbem;C:\Windows\System32\WindowsPowerShell\v1.0\;C:\Program Files\MATLAB\R2014a\runtime\win64;C:\Program Files\MATLAB\R2014a\bin;C:\Program Files\Microsoft SQL Server\110\Tools\Binn\;C:\MinGW\bin;C:\Program Files\Java\jre1.8.0_40\bin;C:\Program Files\Java\jdk1.8.0_40\bin;C:\Program Files (x86)\MySQL\MySQL Fabric 1.5.4 & MySQL Utilities 1.5.4 1.5\;C:\Program Files (x86)\MySQL\MySQL Fabric 1.5.4 & MySQL Utilities 1.5.4 1.5\Doctrine extensions for PHP\;C:\Users\barretts\Documents\software\apache-ant-1.9.4\bin;"C:\Program Files (x86)\Git\bin";"C:\Program Files (x86)\Git\cmd";C:\Users\barretts\Documents\software\apache-ant-1.9.4\bin;C:\Program Files\Java\jdk1.8.0_40;C:\Program Files\Java\jdk1.8.0_40\bin;C:\Program Files\Java\jdk1.8.0_40\lib\tools.jar;C:\Program Files\Java\jdk1.8.0_40\lib\tools.jar;\bin;C:\Users\barretts\Documents\software\apache-maven-3.3.3;C:\Users\barretts\Documents\software\apache-maven-3.3.3\bin;"C:\Program Files (x86)\Git\bin";C:\Users\barretts\Documents\software\apache-maven-3.3.3\bin;C:\Users\barretts\Documents\software\apache-maven-3.3.3;C:\Users\barretts\Documents\software\apache-maven-3.3.3\bin;C:\Program Files\Java\jdk1.8.0_40\bin;C:\Users\barretts\Documents\software\apache-maven-3.3.3\bin;
USERNAME=barretts
OS=Windows_NT
PROCESSOR_IDENTIFIER=Intel64 Family 6 Model 58 Stepping 9, GenuineIntel



---------------  S Y S T E M  ---------------

OS: Windows 8.1 , 64 bit Build 9600 (6.3.9600.17415)

CPU:total 8 (4 cores per cpu, 2 threads per core) family 6 model 58 stepping 9, cmov, cx8, fxsr, mmx, sse, sse2, sse3, ssse3, sse4.1, sse4.2, popcnt, avx, aes, clmul, erms, ht, tsc, tscinvbit, tscinv

Memory: 4k page, physical 3777640k(379660k free), swap 15311976k(14392k free)

vm_info: Java HotSpot(TM) 64-Bit Server VM (25.40-b25) for windows-amd64 JRE (1.8.0_40-b26), built on Mar  7 2015 13:51:59 by "java_re" with MS VC++ 10.0 (VS2010)

time: Fri Jun 26 07:45:45 2015
elapsed time: 2 seconds (0d 0h 0m 2s)

